<?xml version="1.0" encoding="UTF-8"?>
<!-- Generated by org.testng.reporters.JUnitReportReporter -->
<testsuite hostname="DESKTOP-SCK5NUP" failures="0" tests="1" name="com.qa.testcases.Login_testcase$TC_LoginTest_001" time="6.126" errors="0" timestamp="2022-01-31T20:48:57 IST" skipped="0">
  <testcase classname="com.qa.testcases.Login_testcase$TC_LoginTest_001" name="loginTest" time="6.126"/>
  <system-out/>
</testsuite> <!-- com.qa.testcases.Login_testcase$TC_LoginTest_001 -->
